[debug] [2025-06-19T01:47:17.105Z] ----------------------------------------------------------------------
[debug] [2025-06-19T01:47:17.109Z] Command:       /usr/local/share/nvm/versions/node/v20.19.0/bin/node /home/codespace/nvm/current/bin/firebase init hosting
[debug] [2025-06-19T01:47:17.109Z] CLI Version:   14.7.0
[debug] [2025-06-19T01:47:17.110Z] Platform:      linux
[debug] [2025-06-19T01:47:17.110Z] Node Version:  v20.19.0
[debug] [2025-06-19T01:47:17.110Z] Time:          Thu Jun 19 2025 01:47:17 GMT+0000 (Coordinated Universal Time)
[debug] [2025-06-19T01:47:17.110Z] Env Overrides: GITHUB_API_URL, GITHUB_API_URL
[debug] [2025-06-19T01:47:17.110Z] ----------------------------------------------------------------------
[debug] 
[debug] [2025-06-19T01:47:17.113Z] >>> [apiv2][query] GET https://firebase-public.firebaseio.com/cli.json [none]
[debug] [2025-06-19T01:47:17.182Z] > command requires scopes: ["email","openid","https://www.googleapis.com/auth/cloudplatformprojects.readonly","https://www.googleapis.com/auth/firebase","https://www.googleapis.com/auth/cloud-platform"]
[debug] [2025-06-19T01:47:17.183Z] > authorizing via signed-in user (sebastianechazu@gmail.com)
[info] 
     ######## #### ########  ######## ########     ###     ######  ########
     ##        ##  ##     ## ##       ##     ##  ##   ##  ##       ##
     ######    ##  ########  ######   ########  #########  ######  ######
     ##        ##  ##    ##  ##       ##     ## ##     ##       ## ##
     ##       #### ##     ## ######## ########  ##     ##  ######  ########

You're about to initialize a Firebase project in this directory:

  /workspaces/gestor-seguros-app

Before we get started, keep in mind:

  * You are currently outside your home directory

[info] 
=== Project Setup
[info] 
[info] First, let's associate this project directory with a Firebase project.
[info] You can create multiple project aliases by running firebase use --add, 
[info] but for now we'll just set up a default project.
[info] 
[debug] [2025-06-19T01:47:17.220Z] Checked if tokens are valid: false, expires at: 1750127525186
[debug] [2025-06-19T01:47:17.221Z] Checked if tokens are valid: false, expires at: 1750127525186
[debug] [2025-06-19T01:47:17.221Z] > refreshing access token with scopes: []
[debug] [2025-06-19T01:47:17.222Z] >>> [apiv2][query] POST https://www.googleapis.com/oauth2/v3/token [none]
[debug] [2025-06-19T01:47:17.222Z] >>> [apiv2][body] POST https://www.googleapis.com/oauth2/v3/token [omitted]
[debug] [2025-06-19T01:47:17.325Z] <<< [apiv2][status] GET https://firebase-public.firebaseio.com/cli.json 200
[debug] [2025-06-19T01:47:17.325Z] <<< [apiv2][body] GET https://firebase-public.firebaseio.com/cli.json {"cloudBuildErrorAfter":1594252800000,"cloudBuildWarnAfter":1590019200000,"defaultNode10After":1594252800000,"minVersion":"3.0.5","node8DeploysDisabledAfter":1613390400000,"node8RuntimeDisabledAfter":1615809600000,"node8WarnAfter":1600128000000}
[debug] [2025-06-19T01:47:17.346Z] <<< [apiv2][status] POST https://www.googleapis.com/oauth2/v3/token 200
[debug] [2025-06-19T01:47:17.346Z] <<< [apiv2][body] POST https://www.googleapis.com/oauth2/v3/token [omitted]
[debug] [2025-06-19T01:47:17.352Z] >>> [apiv2][query] GET https://firebase.googleapis.com/v1beta1/projects pageSize=100
[debug] [2025-06-19T01:47:17.653Z] <<< [apiv2][status] GET https://firebase.googleapis.com/v1beta1/projects 200
[debug] [2025-06-19T01:47:17.653Z] <<< [apiv2][body] GET https://firebase.googleapis.com/v1beta1/projects [omitted]
[info] i  Using project gestor-seguros-app (gestor-seguros-app) 
[info] 
=== Hosting Setup
[debug] [2025-06-19T01:47:30.657Z] Checked if tokens are valid: true, expires at: 1750301236346
[debug] [2025-06-19T01:47:30.657Z] Checked if tokens are valid: true, expires at: 1750301236346
[debug] [2025-06-19T01:47:30.658Z] >>> [apiv2][query] GET https://firebase.googleapis.com/v1beta1/projects/gestor-seguros-app [none]
[debug] [2025-06-19T01:47:30.914Z] <<< [apiv2][status] GET https://firebase.googleapis.com/v1beta1/projects/gestor-seguros-app 200
[debug] [2025-06-19T01:47:30.914Z] <<< [apiv2][body] GET https://firebase.googleapis.com/v1beta1/projects/gestor-seguros-app {"projectId":"gestor-seguros-app","projectNumber":"575763209579","displayName":"gestor-seguros-app","name":"projects/gestor-seguros-app","resources":{"hostingSite":"gestor-seguros-app"},"state":"ACTIVE","etag":"1_a18350f4-125f-4d99-805b-2cfa0d069b53"}
[info] 
[info] Your public directory is the folder (relative to your project directory) that
[info] will contain Hosting assets to be uploaded with firebase deploy. If you
[info] have a build process for your assets, use your build's output directory.
[info] 
[info] ✔  Wrote public/404.html 
[debug] [2025-06-19T01:47:55.050Z] >>> [apiv2][query] GET https://www.gstatic.com/firebasejs/releases.json [none]
[debug] [2025-06-19T01:47:55.082Z] <<< [apiv2][status] GET https://www.gstatic.com/firebasejs/releases.json 200
[debug] [2025-06-19T01:47:55.082Z] <<< [apiv2][body] GET https://www.gstatic.com/firebasejs/releases.json {"current":{"version":"11.9.1","browserURL":"https://www.gstatic.com/firebasejs/11.9.1/firebase.js","packageURL":"https://www.gstatic.com/firebasejs/11.9.1/firebase.tgz"},"live":{"version":"11.9","browserURL":"https://www.gstatic.com/firebasejs/live/11.9/firebase.js","packageURL":"https://www.gstatic.com/firebasejs/live/11.9/firebase.tgz"},"components":{"ai":"https://www.gstatic.com/firebasejs/11.9.1/firebase-ai.js","analytics":"https://www.gstatic.com/firebasejs/11.9.1/firebase-analytics.js","app":"https://www.gstatic.com/firebasejs/11.9.1/firebase-app.js","app-check":"https://www.gstatic.com/firebasejs/11.9.1/firebase-app-check.js","auth":"https://www.gstatic.com/firebasejs/11.9.1/firebase-auth.js","auth/cordova":"https://www.gstatic.com/firebasejs/11.9.1/firebase-auth/cordova.js","auth/web-extension":"https://www.gstatic.com/firebasejs/11.9.1/firebase-auth/web-extension.js","functions":"https://www.gstatic.com/firebasejs/11.9.1/firebase-functions.js","firestore":"https://www.gstatic.com/firebasejs/11.9.1/firebase-firestore.js","firestore/lite":"https://www.gstatic.com/firebasejs/11.9.1/firebase-firestore/lite.js","installations":"https://www.gstatic.com/firebasejs/11.9.1/firebase-installations.js","storage":"https://www.gstatic.com/firebasejs/11.9.1/firebase-storage.js","performance":"https://www.gstatic.com/firebasejs/11.9.1/firebase-performance.js","remote-config":"https://www.gstatic.com/firebasejs/11.9.1/firebase-remote-config.js","messaging":"https://www.gstatic.com/firebasejs/11.9.1/firebase-messaging.js","messaging/sw":"https://www.gstatic.com/firebasejs/11.9.1/firebase-messaging/sw.js","database":"https://www.gstatic.com/firebasejs/11.9.1/firebase-database.js","vertexai":"https://www.gstatic.com/firebasejs/11.9.1/firebase-vertexai.js","data-connect":"https://www.gstatic.com/firebasejs/11.9.1/firebase-data-connect.js","firestore.memory":"https://www.gstatic.com/firebasejs/11.9.1/firebase-firestore.memory.js"}}
[info] ✔  Wrote public/index.html 
[info] 
[info] i  Detected a .git folder at /workspaces/gestor-seguros-app 
[info] i  Authorizing with GitHub to upload your service account to a GitHub repository's secrets store. 
[info] 
[info] Visit this URL on this device to log in:
[info] https://github.com/login/oauth/authorize?client_id=89cf50f02ac6aaed3484&state=367176150&redirect_uri=http%3A%2F%2Flocalhost%3A9005&scope=read%3Auser%20repo%20public_repo
[info] 
[info] Waiting for authentication...
[debug] [2025-06-19T01:48:25.194Z] ----------------------------------------------------------------------
[debug] [2025-06-19T01:48:25.196Z] Command:       /usr/local/share/nvm/versions/node/v20.19.0/bin/node /home/codespace/nvm/current/bin/firebase init hosting
[debug] [2025-06-19T01:48:25.197Z] CLI Version:   14.7.0
[debug] [2025-06-19T01:48:25.197Z] Platform:      linux
[debug] [2025-06-19T01:48:25.197Z] Node Version:  v20.19.0
[debug] [2025-06-19T01:48:25.197Z] Time:          Thu Jun 19 2025 01:48:25 GMT+0000 (Coordinated Universal Time)
[debug] [2025-06-19T01:48:25.197Z] Env Overrides: GITHUB_API_URL, GITHUB_API_URL
[debug] [2025-06-19T01:48:25.197Z] ----------------------------------------------------------------------
[debug] 
[debug] [2025-06-19T01:48:25.203Z] > command requires scopes: ["email","openid","https://www.googleapis.com/auth/cloudplatformprojects.readonly","https://www.googleapis.com/auth/firebase","https://www.googleapis.com/auth/cloud-platform"]
[debug] [2025-06-19T01:48:25.204Z] > authorizing via signed-in user (sebastianechazu@gmail.com)
[info] 
     ######## #### ########  ######## ########     ###     ######  ########
     ##        ##  ##     ## ##       ##     ##  ##   ##  ##       ##
     ######    ##  ########  ######   ########  #########  ######  ######
     ##        ##  ##    ##  ##       ##     ## ##     ##       ## ##
     ##       #### ##     ## ######## ########  ##     ##  ######  ########

You're about to initialize a Firebase project in this directory:

  /workspaces/gestor-seguros-app

Before we get started, keep in mind:

  * You are currently outside your home directory

[info] 
=== Project Setup
[info] 
[info] First, let's associate this project directory with a Firebase project.
[info] You can create multiple project aliases by running firebase use --add, 
[info] but for now we'll just set up a default project.
[info] 
[debug] [2025-06-19T01:48:35.582Z] Checked if tokens are valid: true, expires at: 1750301236346
[debug] [2025-06-19T01:48:35.583Z] Checked if tokens are valid: true, expires at: 1750301236346
[debug] [2025-06-19T01:48:35.584Z] >>> [apiv2][query] GET https://firebase.googleapis.com/v1beta1/projects pageSize=100
[debug] [2025-06-19T01:48:35.917Z] <<< [apiv2][status] GET https://firebase.googleapis.com/v1beta1/projects 200
[debug] [2025-06-19T01:48:35.918Z] <<< [apiv2][body] GET https://firebase.googleapis.com/v1beta1/projects [omitted]
[info] i  Using project gestor-seguros-app (gestor-seguros-app) 
[info] 
=== Hosting Setup
[debug] [2025-06-19T01:48:37.990Z] Checked if tokens are valid: true, expires at: 1750301236346
[debug] [2025-06-19T01:48:37.990Z] Checked if tokens are valid: true, expires at: 1750301236346
[debug] [2025-06-19T01:48:37.990Z] >>> [apiv2][query] GET https://firebase.googleapis.com/v1beta1/projects/gestor-seguros-app [none]
[debug] [2025-06-19T01:48:38.243Z] <<< [apiv2][status] GET https://firebase.googleapis.com/v1beta1/projects/gestor-seguros-app 200
[debug] [2025-06-19T01:48:38.243Z] <<< [apiv2][body] GET https://firebase.googleapis.com/v1beta1/projects/gestor-seguros-app {"projectId":"gestor-seguros-app","projectNumber":"575763209579","displayName":"gestor-seguros-app","name":"projects/gestor-seguros-app","resources":{"hostingSite":"gestor-seguros-app"},"state":"ACTIVE","etag":"1_a18350f4-125f-4d99-805b-2cfa0d069b53"}
[info] 
[info] Your public directory is the folder (relative to your project directory) that
[info] will contain Hosting assets to be uploaded with firebase deploy. If you
[info] have a build process for your assets, use your build's output directory.
[info] 
[info] ✔  Wrote y/404.html 
[debug] [2025-06-19T01:48:49.482Z] >>> [apiv2][query] GET https://www.gstatic.com/firebasejs/releases.json [none]
[debug] [2025-06-19T01:48:49.530Z] <<< [apiv2][status] GET https://www.gstatic.com/firebasejs/releases.json 200
[debug] [2025-06-19T01:48:49.531Z] <<< [apiv2][body] GET https://www.gstatic.com/firebasejs/releases.json {"current":{"version":"11.9.1","browserURL":"https://www.gstatic.com/firebasejs/11.9.1/firebase.js","packageURL":"https://www.gstatic.com/firebasejs/11.9.1/firebase.tgz"},"live":{"version":"11.9","browserURL":"https://www.gstatic.com/firebasejs/live/11.9/firebase.js","packageURL":"https://www.gstatic.com/firebasejs/live/11.9/firebase.tgz"},"components":{"ai":"https://www.gstatic.com/firebasejs/11.9.1/firebase-ai.js","analytics":"https://www.gstatic.com/firebasejs/11.9.1/firebase-analytics.js","app":"https://www.gstatic.com/firebasejs/11.9.1/firebase-app.js","app-check":"https://www.gstatic.com/firebasejs/11.9.1/firebase-app-check.js","auth":"https://www.gstatic.com/firebasejs/11.9.1/firebase-auth.js","auth/cordova":"https://www.gstatic.com/firebasejs/11.9.1/firebase-auth/cordova.js","auth/web-extension":"https://www.gstatic.com/firebasejs/11.9.1/firebase-auth/web-extension.js","functions":"https://www.gstatic.com/firebasejs/11.9.1/firebase-functions.js","firestore":"https://www.gstatic.com/firebasejs/11.9.1/firebase-firestore.js","firestore/lite":"https://www.gstatic.com/firebasejs/11.9.1/firebase-firestore/lite.js","installations":"https://www.gstatic.com/firebasejs/11.9.1/firebase-installations.js","storage":"https://www.gstatic.com/firebasejs/11.9.1/firebase-storage.js","performance":"https://www.gstatic.com/firebasejs/11.9.1/firebase-performance.js","remote-config":"https://www.gstatic.com/firebasejs/11.9.1/firebase-remote-config.js","messaging":"https://www.gstatic.com/firebasejs/11.9.1/firebase-messaging.js","messaging/sw":"https://www.gstatic.com/firebasejs/11.9.1/firebase-messaging/sw.js","database":"https://www.gstatic.com/firebasejs/11.9.1/firebase-database.js","vertexai":"https://www.gstatic.com/firebasejs/11.9.1/firebase-vertexai.js","data-connect":"https://www.gstatic.com/firebasejs/11.9.1/firebase-data-connect.js","firestore.memory":"https://www.gstatic.com/firebasejs/11.9.1/firebase-firestore.memory.js"}}
[info] ✔  Wrote y/index.html 
[info] 
[info] i  Detected a .git folder at /workspaces/gestor-seguros-app 
[info] i  Authorizing with GitHub to upload your service account to a GitHub repository's secrets store. 
[info] 
[info] Visit this URL on this device to log in:
[info] https://github.com/login/oauth/authorize?client_id=89cf50f02ac6aaed3484&state=695885166&redirect_uri=http%3A%2F%2Flocalhost%3A9005&scope=read%3Auser%20repo%20public_repo
[info] 
[info] Waiting for authentication...
